<?xml version="1.0" encoding="UTF-8"?>
<testsuite xmlns:xsi="http://www.w3.org/2001/XMLSchema-instance" xsi:noNamespaceSchemaLocation="https://maven.apache.org/surefire/maven-surefire-plugin/xsd/surefire-test-report.xsd" name="ru.netology.manager.ProductManagerTest" time="0.145" tests="10" errors="8" skipped="0" failures="0">
  <properties>
    <property name="sun.desktop" value="windows"/>
    <property name="awt.toolkit" value="sun.awt.windows.WToolkit"/>
    <property name="java.specification.version" value="11"/>
    <property name="sun.cpu.isalist" value="amd64"/>
    <property name="sun.jnu.encoding" value="Cp1251"/>
    <property name="java.class.path" value="C:\Users\nansa\OneDrive\Документы\учёба\ProductManager10\target\test-classes;C:\Users\nansa\OneDrive\Документы\учёба\ProductManager10\target\classes;C:\Users\nansa\.m2\repository\org\projectlombok\lombok-maven-plugin\1.18.18.0\lombok-maven-plugin-1.18.18.0.jar;C:\Users\nansa\.m2\repository\org\apache\commons\commons-lang3\3.8.1\commons-lang3-3.8.1.jar;C:\Users\nansa\.m2\repository\org\projectlombok\lombok\1.18.18\lombok-1.18.18.jar;C:\Users\nansa\.m2\repository\org\sonatype\plexus\plexus-build-api\0.0.7\plexus-build-api-0.0.7.jar;C:\Users\nansa\.m2\repository\org\codehaus\plexus\plexus-utils\1.5.8\plexus-utils-1.5.8.jar;C:\Users\nansa\.m2\repository\org\junit\jupiter\junit-jupiter\5.7.1\junit-jupiter-5.7.1.jar;C:\Users\nansa\.m2\repository\org\junit\jupiter\junit-jupiter-api\5.7.1\junit-jupiter-api-5.7.1.jar;C:\Users\nansa\.m2\repository\org\apiguardian\apiguardian-api\1.1.0\apiguardian-api-1.1.0.jar;C:\Users\nansa\.m2\repository\org\opentest4j\opentest4j\1.2.0\opentest4j-1.2.0.jar;C:\Users\nansa\.m2\repository\org\junit\platform\junit-platform-commons\1.7.1\junit-platform-commons-1.7.1.jar;C:\Users\nansa\.m2\repository\org\junit\jupiter\junit-jupiter-params\5.7.1\junit-jupiter-params-5.7.1.jar;C:\Users\nansa\.m2\repository\org\junit\jupiter\junit-jupiter-engine\5.7.1\junit-jupiter-engine-5.7.1.jar;C:\Users\nansa\.m2\repository\org\junit\platform\junit-platform-engine\1.7.1\junit-platform-engine-1.7.1.jar;C:\Users\nansa\.m2\repository\org\mockito\mockito-junit-jupiter\3.6.28\mockito-junit-jupiter-3.6.28.jar;C:\Users\nansa\.m2\repository\org\mockito\mockito-core\3.6.28\mockito-core-3.6.28.jar;C:\Users\nansa\.m2\repository\net\bytebuddy\byte-buddy\1.10.18\byte-buddy-1.10.18.jar;C:\Users\nansa\.m2\repository\net\bytebuddy\byte-buddy-agent\1.10.18\byte-buddy-agent-1.10.18.jar;C:\Users\nansa\.m2\repository\org\objenesis\objenesis\3.1\objenesis-3.1.jar;"/>
    <property name="java.vm.vendor" value="JetBrains s.r.o."/>
    <property name="sun.arch.data.model" value="64"/>
    <property name="user.variant" value=""/>
    <property name="java.vendor.url" value="https://openjdk.java.net/"/>
    <property name="user.timezone" value="Europe/Moscow"/>
    <property name="java.vm.specification.version" value="11"/>
    <property name="os.name" value="Windows 10"/>
    <property name="sun.java.launcher" value="SUN_STANDARD"/>
    <property name="user.country" value="RU"/>
    <property name="sun.boot.library.path" value="C:\Program Files\JetBrains\IntelliJ IDEA Community Edition 2020.3.1\jbr\bin"/>
    <property name="sun.java.command" value="C:\Users\nansa\AppData\Local\Temp\surefire12284462155293769365\surefirebooter1091388830384957479.jar C:\Users\nansa\AppData\Local\Temp\surefire12284462155293769365 2021-03-13T02-40-04_203-jvmRun1 surefire8739856527122489140tmp surefire_017734358821721334006tmp"/>
    <property name="jdk.debug" value="release"/>
    <property name="surefire.test.class.path" value="C:\Users\nansa\OneDrive\Документы\учёба\ProductManager10\target\test-classes;C:\Users\nansa\OneDrive\Документы\учёба\ProductManager10\target\classes;C:\Users\nansa\.m2\repository\org\projectlombok\lombok-maven-plugin\1.18.18.0\lombok-maven-plugin-1.18.18.0.jar;C:\Users\nansa\.m2\repository\org\apache\commons\commons-lang3\3.8.1\commons-lang3-3.8.1.jar;C:\Users\nansa\.m2\repository\org\projectlombok\lombok\1.18.18\lombok-1.18.18.jar;C:\Users\nansa\.m2\repository\org\sonatype\plexus\plexus-build-api\0.0.7\plexus-build-api-0.0.7.jar;C:\Users\nansa\.m2\repository\org\codehaus\plexus\plexus-utils\1.5.8\plexus-utils-1.5.8.jar;C:\Users\nansa\.m2\repository\org\junit\jupiter\junit-jupiter\5.7.1\junit-jupiter-5.7.1.jar;C:\Users\nansa\.m2\repository\org\junit\jupiter\junit-jupiter-api\5.7.1\junit-jupiter-api-5.7.1.jar;C:\Users\nansa\.m2\repository\org\apiguardian\apiguardian-api\1.1.0\apiguardian-api-1.1.0.jar;C:\Users\nansa\.m2\repository\org\opentest4j\opentest4j\1.2.0\opentest4j-1.2.0.jar;C:\Users\nansa\.m2\repository\org\junit\platform\junit-platform-commons\1.7.1\junit-platform-commons-1.7.1.jar;C:\Users\nansa\.m2\repository\org\junit\jupiter\junit-jupiter-params\5.7.1\junit-jupiter-params-5.7.1.jar;C:\Users\nansa\.m2\repository\org\junit\jupiter\junit-jupiter-engine\5.7.1\junit-jupiter-engine-5.7.1.jar;C:\Users\nansa\.m2\repository\org\junit\platform\junit-platform-engine\1.7.1\junit-platform-engine-1.7.1.jar;C:\Users\nansa\.m2\repository\org\mockito\mockito-junit-jupiter\3.6.28\mockito-junit-jupiter-3.6.28.jar;C:\Users\nansa\.m2\repository\org\mockito\mockito-core\3.6.28\mockito-core-3.6.28.jar;C:\Users\nansa\.m2\repository\net\bytebuddy\byte-buddy\1.10.18\byte-buddy-1.10.18.jar;C:\Users\nansa\.m2\repository\net\bytebuddy\byte-buddy-agent\1.10.18\byte-buddy-agent-1.10.18.jar;C:\Users\nansa\.m2\repository\org\objenesis\objenesis\3.1\objenesis-3.1.jar;"/>
    <property name="sun.cpu.endian" value="little"/>
    <property name="user.home" value="C:\Users\nansa"/>
    <property name="user.language" value="ru"/>
    <property name="java.specification.vendor" value="Oracle Corporation"/>
    <property name="java.version.date" value="2020-11-04"/>
    <property name="java.home" value="C:\Program Files\JetBrains\IntelliJ IDEA Community Edition 2020.3.1\jbr"/>
    <property name="file.separator" value="\"/>
    <property name="basedir" value="C:\Users\nansa\OneDrive\Документы\учёба\ProductManager10"/>
    <property name="java.vm.compressedOopsMode" value="Zero based"/>
    <property name="line.separator" value="&#10;"/>
    <property name="java.specification.name" value="Java Platform API Specification"/>
    <property name="java.vm.specification.vendor" value="Oracle Corporation"/>
    <property name="java.awt.graphicsenv" value="sun.awt.Win32GraphicsEnvironment"/>
    <property name="surefire.real.class.path" value="C:\Users\nansa\AppData\Local\Temp\surefire12284462155293769365\surefirebooter1091388830384957479.jar"/>
    <property name="user.script" value=""/>
    <property name="sun.management.compiler" value="HotSpot 64-Bit Tiered Compilers"/>
    <property name="java.runtime.version" value="11.0.9.1+11-b1145.63"/>
    <property name="user.name" value="nansa"/>
    <property name="path.separator" value=";"/>
    <property name="os.version" value="10.0"/>
    <property name="java.runtime.name" value="OpenJDK Runtime Environment"/>
    <property name="file.encoding" value="Cp1251"/>
    <property name="java.vm.name" value="OpenJDK 64-Bit Server VM"/>
    <property name="java.vendor.version" value="JBR-11.0.9.1.11-1145.63-jcef"/>
    <property name="localRepository" value="C:\Users\nansa\.m2\repository"/>
    <property name="java.vendor.url.bug" value="https://bugreport.java.com/bugreport/"/>
    <property name="java.io.tmpdir" value="C:\Users\nansa\AppData\Local\Temp\"/>
    <property name="idea.version" value="2020.3.1"/>
    <property name="java.version" value="11.0.9.1"/>
    <property name="user.dir" value="C:\Users\nansa\OneDrive\Документы\учёба\ProductManager10"/>
    <property name="os.arch" value="amd64"/>
    <property name="java.vm.specification.name" value="Java Virtual Machine Specification"/>
    <property name="java.awt.printerjob" value="sun.awt.windows.WPrinterJob"/>
    <property name="sun.os.patch.level" value=""/>
    <property name="java.library.path" value="C:\Program Files\JetBrains\IntelliJ IDEA Community Edition 2020.3.1\jbr\bin;C:\Windows\Sun\Java\bin;C:\Windows\system32;C:\Windows;C:\Program Files\AdoptOpenJDK\jdk-11.0.9.101-hotspot\bin;C:\Windows\system32;C:\Windows;C:\Windows\System32\Wbem;C:\Windows\System32\WindowsPowerShell\v1.0\;C:\Windows\System32\OpenSSH\;C:\Program Files (x86)\NVIDIA Corporation\PhysX\Common;C:\Program Files\NVIDIA Corporation\NVIDIA NvDLISR;C:\Program Files\Git\cmd;C:\Program Files\Microsoft VS Code\bin;C:\Users\nansa\AppData\Local\Microsoft\WindowsApps;."/>
    <property name="java.vm.info" value="mixed mode"/>
    <property name="java.vendor" value="JetBrains s.r.o."/>
    <property name="java.vm.version" value="11.0.9.1+11-b1145.63"/>
    <property name="sun.io.unicode.encoding" value="UnicodeLittle"/>
    <property name="java.class.version" value="55.0"/>
  </properties>
  <testcase name="shouldSearchBySomeBookName" classname="ru.netology.manager.ProductManagerTest" time="0.069">
    <error message="arraycopy: source type ru.netology.domain.Book is not an array" type="java.lang.ArrayStoreException">java.lang.ArrayStoreException: arraycopy: source type ru.netology.domain.Book is not an array
	at ru.netology.manager.ProductManagerTest.shouldSearchBySomeBookName(ProductManagerTest.java:71)
</error>
  </testcase>
  <testcase name="shouldSearchBySmartphoneName" classname="ru.netology.manager.ProductManagerTest" time="0.003">
    <error message="arraycopy: source type ru.netology.domain.Smartphone is not an array" type="java.lang.ArrayStoreException">java.lang.ArrayStoreException: arraycopy: source type ru.netology.domain.Smartphone is not an array
	at ru.netology.manager.ProductManagerTest.shouldSearchBySmartphoneName(ProductManagerTest.java:52)
</error>
  </testcase>
  <testcase name="shouldSearchByBookName" classname="ru.netology.manager.ProductManagerTest" time="0.008">
    <error message="arraycopy: source type ru.netology.domain.Book is not an array" type="java.lang.ArrayStoreException">java.lang.ArrayStoreException: arraycopy: source type ru.netology.domain.Book is not an array
	at ru.netology.manager.ProductManagerTest.shouldSearchByBookName(ProductManagerTest.java:44)
</error>
  </testcase>
  <testcase name="shouldSearchBySomeSmartphoneName" classname="ru.netology.manager.ProductManagerTest" time="0">
    <error message="arraycopy: source type ru.netology.domain.Smartphone is not an array" type="java.lang.ArrayStoreException">java.lang.ArrayStoreException: arraycopy: source type ru.netology.domain.Smartphone is not an array
	at ru.netology.manager.ProductManagerTest.shouldSearchBySomeSmartphoneName(ProductManagerTest.java:100)
</error>
  </testcase>
  <testcase name="shouldSearchBySomeBookAuthor" classname="ru.netology.manager.ProductManagerTest" time="0.002">
    <error message="arraycopy: source type ru.netology.domain.Book is not an array" type="java.lang.ArrayStoreException">java.lang.ArrayStoreException: arraycopy: source type ru.netology.domain.Book is not an array
	at ru.netology.manager.ProductManagerTest.shouldSearchBySomeBookAuthor(ProductManagerTest.java:61)
</error>
  </testcase>
  <testcase name="shouldSearchByNotBook" classname="ru.netology.manager.ProductManagerTest" time="0.011"/>
  <testcase name="shouldSearchByBookAuthor" classname="ru.netology.manager.ProductManagerTest" time="0.002">
    <error message="arraycopy: source type ru.netology.domain.Book is not an array" type="java.lang.ArrayStoreException">java.lang.ArrayStoreException: arraycopy: source type ru.netology.domain.Book is not an array
	at ru.netology.manager.ProductManagerTest.shouldSearchByBookAuthor(ProductManagerTest.java:28)
</error>
  </testcase>
  <testcase name="shouldSearchByNotSmartphone" classname="ru.netology.manager.ProductManagerTest" time="0"/>
  <testcase name="shouldSearchBySomeSmartphoneManufacturer" classname="ru.netology.manager.ProductManagerTest" time="0.003">
    <error message="arraycopy: source type ru.netology.domain.Smartphone is not an array" type="java.lang.ArrayStoreException">java.lang.ArrayStoreException: arraycopy: source type ru.netology.domain.Smartphone is not an array
	at ru.netology.manager.ProductManagerTest.shouldSearchBySomeSmartphoneManufacturer(ProductManagerTest.java:91)
</error>
  </testcase>
  <testcase name="shouldSearchBySmartphoneManufacturer" classname="ru.netology.manager.ProductManagerTest" time="0.001">
    <error message="arraycopy: source type ru.netology.domain.Smartphone is not an array" type="java.lang.ArrayStoreException">java.lang.ArrayStoreException: arraycopy: source type ru.netology.domain.Smartphone is not an array
	at ru.netology.manager.ProductManagerTest.shouldSearchBySmartphoneManufacturer(ProductManagerTest.java:36)
</error>
  </testcase>
</testsuite>